[INFO] 16:12:39:152 KERNEL/(16864:16864): KERNEL - Inicio del Logger
[INFO] 16:12:39:154 KERNEL/(16864:16864): IP_MEMORIA: 192.168.1.2
[INFO] 16:12:39:154 KERNEL/(16864:16864): PUERTO_MEMORIA: 8001
[INFO] 16:12:39:154 KERNEL/(16864:16864): MULTIPROCESAMIENTO: 3
[INFO] 16:12:39:154 KERNEL/(16864:16864): SLEEP_EJECUCION: 5000
[INFO] 16:12:39:155 KERNEL/(16864:16864): METADATA_REFRESH: 10000
[INFO] 16:12:39:155 KERNEL/(16864:16864): QUANTUM: 4
[INFO] 16:24:59:712 KERNEL/(17269:17269): KERNEL - Inicio del Logger
[INFO] 16:24:59:729 KERNEL/(17269:17269): IP_MEMORIA: 192.168.1.2
[INFO] 16:24:59:731 KERNEL/(17269:17269): PUERTO_MEMORIA: 8001
[INFO] 16:24:59:731 KERNEL/(17269:17269): MULTIPROCESAMIENTO: 3
[INFO] 16:24:59:731 KERNEL/(17269:17269): SLEEP_EJECUCION: 5000
[INFO] 16:24:59:732 KERNEL/(17269:17269): METADATA_REFRESH: 10000
[INFO] 16:24:59:732 KERNEL/(17269:17269): QUANTUM: 4
[INFO] 16:27:34:617 KERNEL/(17415:17415): KERNEL - Inicio del Logger
[INFO] 16:27:34:624 KERNEL/(17415:17415): IP_MEMORIA: 192.168.1.2
[INFO] 16:27:34:625 KERNEL/(17415:17415): PUERTO_MEMORIA: 8001
[INFO] 16:27:34:627 KERNEL/(17415:17415): MULTIPROCESAMIENTO: 3
[INFO] 16:27:34:629 KERNEL/(17415:17415): SLEEP_EJECUCION: 5000
[INFO] 16:27:34:629 KERNEL/(17415:17415): METADATA_REFRESH: 10000
[INFO] 16:27:34:629 KERNEL/(17415:17415): QUANTUM: 4
[INFO] 16:31:44:433 KERNEL/(17580:17580): KERNEL - Inicio del Logger
[INFO] 16:31:44:447 KERNEL/(17580:17580): IP_MEMORIA: 192.168.1.2
[INFO] 16:31:44:448 KERNEL/(17580:17580): PUERTO_MEMORIA: 8001
[INFO] 16:31:44:450 KERNEL/(17580:17580): MULTIPROCESAMIENTO: 3
[INFO] 16:31:44:450 KERNEL/(17580:17580): SLEEP_EJECUCION: 5000
[INFO] 16:31:44:451 KERNEL/(17580:17580): METADATA_REFRESH: 10000
[INFO] 16:31:44:451 KERNEL/(17580:17580): QUANTUM: 4
[INFO] 16:31:45:556 KERNEL/(17580:17580): Kernel > Hilo creado para la consola...
